c:\users\abramovoa\desktop\lab04\lab04\mycalc\x64\debug\vc141.pdb
c:\users\abramovoa\desktop\lab04\lab04\mycalc\x64\debug\myform.obj
c:\users\abramovoa\desktop\lab04\lab04\mycalc\x64\debug\.netframework,version=v4.5.2.assemblyattributes.obj
c:\users\abramovoa\desktop\lab04\lab04\mycalc\x64\debug\.netframework,version=v4.5.2.assemblyattributes.asm
c:\users\abramovoa\desktop\lab04\lab04\mycalc\x64\debug\mycalc.myform.resources
c:\users\abramovoa\desktop\lab04\lab04\mycalc\x64\debug\mycalc.vcxproj.generateresource.cache
c:\users\abramovoa\desktop\lab04\lab04\mycalc\x64\debug\mycalc.vcxprojresolveassemblyreference.cache
c:\users\abramovoa\desktop\lab04\lab04\mycalc\x64\debug\mycalc.tlog\cl.command.1.tlog
c:\users\abramovoa\desktop\lab04\lab04\mycalc\x64\debug\mycalc.tlog\cl.read.1.tlog
c:\users\abramovoa\desktop\lab04\lab04\mycalc\x64\debug\mycalc.tlog\cl.write.1.tlog
c:\users\abramovoa\desktop\lab04\lab04\mycalc\x64\debug\mycalc.tlog\link.6444.read.1.tlog
c:\users\abramovoa\desktop\lab04\lab04\mycalc\x64\debug\mycalc.tlog\link.6444.write.1.tlog
c:\users\abramovoa\desktop\lab04\lab04\mycalc\x64\debug\mycalc.tlog\link.command.1.tlog
c:\users\abramovoa\desktop\lab04\lab04\mycalc\x64\debug\mycalc.tlog\link.read.1.tlog
c:\users\abramovoa\desktop\lab04\lab04\mycalc\x64\debug\mycalc.tlog\link.write.1.tlog
c:\users\abramovoa\desktop\lab04\lab04\mycalc\x64\debug\mycalc.tlog\metagen.read.1.tlog
c:\users\abramovoa\desktop\lab04\lab04\mycalc\x64\debug\mycalc.tlog\metagen.write.1.tlog
c:\users\abramovoa\desktop\lab04\lab04\mycalc\x64\debug\mycalc.tlog\mycalc.write.1u.tlog
c:\users\abramovoa\desktop\lab04\lab04\mycalc\x64\debug\mycalc.tlog\rsaenh.dll.bi
c:\users\abramovoa\desktop\lab04\lab04\mycalc\x64\debug\mycalc.tlog\tzres.dll.bi
